\BOOKMARK [1][-]{section.1}{Introducci\363n}{}% 1
\BOOKMARK [2][-]{subsection.1.1}{Contexto}{section.1}% 2
\BOOKMARK [2][-]{subsection.1.2}{Motivaciones}{section.1}% 3
\BOOKMARK [2][-]{subsection.1.3}{Objetivos Trabajo Final de Grado}{section.1}% 4
\BOOKMARK [1][-]{section.2}{Trabajo Relacionado}{}% 5
\BOOKMARK [1][-]{section.3}{Sports Fake Detector}{}% 6
\BOOKMARK [2][-]{subsection.3.1}{Tecnolog\355as utilizadas en todas las fases}{section.3}% 7
\BOOKMARK [3][-]{subsubsection.3.1.1}{MongoDB}{subsection.3.1}% 8
\BOOKMARK [3][-]{subsubsection.3.1.2}{Pymongo 3.7.1}{subsection.3.1}% 9
\BOOKMARK [3][-]{subsubsection.3.1.3}{AVL Tree}{subsection.3.1}% 10
\BOOKMARK [2][-]{subsection.3.2}{Fase 0 - Extracci\363n de la informaci\363n y creaci\363n de los datasets}{section.3}% 11
\BOOKMARK [3][-]{subsubsection.3.2.1}{Concepto}{subsection.3.2}% 12
\BOOKMARK [3][-]{subsubsection.3.2.2}{Software}{subsection.3.2}% 13
\BOOKMARK [2][-]{subsection.3.3}{Fase 1 - Clasificaci\363n de texto seg\372n tem\341tica}{section.3}% 14
\BOOKMARK [3][-]{subsubsection.3.3.1}{Concepto}{subsection.3.3}% 15
\BOOKMARK [3][-]{subsubsection.3.3.2}{Software}{subsection.3.3}% 16
\BOOKMARK [2][-]{subsection.3.4}{Fase 2 - An\341lisis del sentimiento}{section.3}% 17
\BOOKMARK [3][-]{subsubsection.3.4.1}{Concepto}{subsection.3.4}% 18
\BOOKMARK [3][-]{subsubsection.3.4.2}{Software}{subsection.3.4}% 19
\BOOKMARK [2][-]{subsection.3.5}{Fase 3 - Decisi\363n final}{section.3}% 20
\BOOKMARK [1][-]{section.4}{Experimentaci\363n}{}% 21
\BOOKMARK [2][-]{subsection.4.1}{Problem\341tica lenguaje natural}{section.4}% 22
\BOOKMARK [3][-]{subsubsection.4.1.1}{Homonimia}{subsection.4.1}% 23
\BOOKMARK [3][-]{subsubsection.4.1.2}{Polisemia}{subsection.4.1}% 24
\BOOKMARK [3][-]{subsubsection.4.1.3}{An\341fora y elipses}{subsection.4.1}% 25
\BOOKMARK [3][-]{subsubsection.4.1.4}{Sintaxis no normalizada}{subsection.4.1}% 26
\BOOKMARK [3][-]{subsubsection.4.1.5}{Contexto}{subsection.4.1}% 27
\BOOKMARK [3][-]{subsubsection.4.1.6}{Otras circunstancias}{subsection.4.1}% 28
\BOOKMARK [2][-]{subsection.4.2}{Fase 0 - Extracci\363n de la informaci\363n}{section.4}% 29
\BOOKMARK [2][-]{subsection.4.3}{Fase 1 - Clasificaci\363n de texto seg\372n tem\341tica}{section.4}% 30
\BOOKMARK [2][-]{subsection.4.4}{Fase 2 - An\341lisis del sentimiento}{section.4}% 31
\BOOKMARK [2][-]{subsection.4.5}{Fase 3 -}{section.4}% 32
\BOOKMARK [1][-]{section.5}{Costes del proyecto}{}% 33
\BOOKMARK [2][-]{subsection.5.1}{Costes temporales}{section.5}% 34
\BOOKMARK [2][-]{subsection.5.2}{Costes econ\363micos}{section.5}% 35
\BOOKMARK [1][-]{section.6}{Conclusiones y l\355neas de futuro}{}% 36
\BOOKMARK [2][-]{subsection.6.1}{Conclusiones}{section.6}% 37
\BOOKMARK [2][-]{subsection.6.2}{L\355neas de futuro}{section.6}% 38
\BOOKMARK [1][-]{section.7}{Bibliografia}{}% 39
\BOOKMARK [1][-]{section.8}{Anexos}{}% 40
\BOOKMARK [2][-]{subsection.8.1}{Ontolog\355a de los deportes}{section.8}% 41
\BOOKMARK [2][-]{subsection.8.2}{Diccionarios}{section.8}% 42
\BOOKMARK [3][-]{subsubsection.8.2.1}{Palabras clave}{subsection.8.2}% 43
\BOOKMARK [3][-]{subsubsection.8.2.2}{Palabras secundarias}{subsection.8.2}% 44
\BOOKMARK [3][-]{subsubsection.8.2.3}{Palabras excluyentes}{subsection.8.2}% 45
\BOOKMARK [3][-]{subsubsection.8.2.4}{Palabras vac\355as}{subsection.8.2}% 46
\BOOKMARK [3][-]{subsubsection.8.2.5}{Palabras en an\341lisis del sentimiento}{subsection.8.2}% 47
